11:46:37.903 [main] DEBUG io.netty.buffer.PooledByteBufAllocator - -Dio.netty.allocator.chunkSize: 4194304
11:46:37.919 [main] DEBUG io.netty.buffer.PooledByteBufAllocator - -Dio.netty.allocator.smallCacheSize: 256
11:46:37.919 [main] DEBUG io.netty.buffer.PooledByteBufAllocator - -Dio.netty.allocator.normalCacheSize: 64
11:46:37.919 [main] DEBUG io.netty.buffer.PooledByteBufAllocator - -Dio.netty.allocator.maxCachedBufferCapacity: 32768
11:46:37.919 [main] DEBUG io.netty.buffer.PooledByteBufAllocator - -Dio.netty.allocator.cacheTrimInterval: 8192
11:46:37.919 [main] DEBUG io.netty.buffer.PooledByteBufAllocator - -Dio.netty.allocator.cacheTrimIntervalMillis: 0
11:46:37.919 [main] DEBUG io.netty.buffer.PooledByteBufAllocator - -Dio.netty.allocator.useCacheForAllThreads: false
11:46:37.934 [main] DEBUG io.netty.buffer.PooledByteBufAllocator - -Dio.netty.allocator.maxCachedByteBuffersPerChunk: 1023
11:46:37.950 [main] DEBUG io.netty.buffer.ByteBufUtil - -Dio.netty.allocator.type: pooled
11:46:37.950 [main] DEBUG io.netty.buffer.ByteBufUtil - -Dio.netty.threadLocalDirectBufferSize: 0
11:46:37.950 [main] DEBUG io.netty.buffer.ByteBufUtil - -Dio.netty.maxThreadLocalCharBufferSize: 16384
11:46:38.836 [Forwarding newSession on session null to remote] DEBUG io.netty.channel.DefaultChannelId - -Dio.netty.processId: 17708 (auto-detected)
11:46:38.851 [Forwarding newSession on session null to remote] DEBUG io.netty.util.NetUtil - -Djava.net.preferIPv4Stack: false
11:46:38.851 [Forwarding newSession on session null to remote] DEBUG io.netty.util.NetUtil - -Djava.net.preferIPv6Addresses: false
11:46:39.120 [Forwarding newSession on session null to remote] DEBUG io.netty.util.NetUtilInitializations - Loopback interface: lo (Software Loopback Interface 1, 127.0.0.1)
11:46:39.120 [Forwarding newSession on session null to remote] DEBUG io.netty.util.NetUtil - Failed to get SOMAXCONN from sysctl and file \proc\sys\net\core\somaxconn. Default: 200
11:46:39.405 [Forwarding newSession on session null to remote] DEBUG io.netty.channel.DefaultChannelId - -Dio.netty.machineId: 00:e0:2d:ff:fe:4a:64:20 (auto-detected)
11:46:39.469 [AsyncHttpClient-1-2] DEBUG io.netty.buffer.AbstractByteBuf - -Dio.netty.buffer.checkAccessible: true
11:46:39.469 [AsyncHttpClient-1-2] DEBUG io.netty.buffer.AbstractByteBuf - -Dio.netty.buffer.checkBounds: true
11:46:39.469 [AsyncHttpClient-1-2] DEBUG io.netty.util.ResourceLeakDetectorFactory - Loaded default ResourceLeakDetector: io.netty.util.ResourceLeakDetector@5de18c6
11:46:39.505 [AsyncHttpClient-1-2] DEBUG io.netty.util.Recycler - -Dio.netty.recycler.maxCapacityPerThread: 4096
11:46:39.505 [AsyncHttpClient-1-2] DEBUG io.netty.util.Recycler - -Dio.netty.recycler.ratio: 8
11:46:39.505 [AsyncHttpClient-1-2] DEBUG io.netty.util.Recycler - -Dio.netty.recycler.chunkSize: 32
11:46:39.505 [AsyncHttpClient-1-2] DEBUG io.netty.util.Recycler - -Dio.netty.recycler.blocking: false
11:46:41.320 [AsyncHttpClient-1-2] DEBUG io.netty.handler.codec.compression.Brotli - brotli4j not in the classpath; Brotli support will be unavailable.
11:46:41.578 [main] DEBUG io.netty.util.internal.ThreadLocalRandom - -Dio.netty.initialSeedUniquifier: 0x56fcc26f39811d9e
11:46:41.674 [main] INFO  Wishup.Wishup_Login.Login - Driver is initialized
11:46:48.816 [main] INFO  Wishup.Wishup_Login.Login - Navigate to Wish up login Page
11:46:49.053 [main] INFO  Wishup.Wishup_Login.Login - Email id entered
11:46:49.237 [main] INFO  Wishup.Wishup_Login.Login - Password entered
11:46:56.360 [main] INFO  Wishup.Wishup_Login.Login - Login button Clicked
11:46:56.361 [main] INFO  Wishup.Wishup_Login.Login - Login is Successful
11:46:59.008 [main] INFO  Wishup.Wishup_Login.Login - Driver is initialized
11:47:06.363 [main] INFO  Wishup.Wishup_Login.Login - Navigate to Wish up login Page
11:47:06.628 [main] INFO  Wishup.Wishup_Login.Login - Email id entered
11:47:06.719 [main] INFO  Wishup.Wishup_Login.Login - Password entered
11:47:10.114 [main] INFO  Wishup.Wishup_Login.Login - Login button Clicked
11:47:10.158 [main] INFO  Wishup.Wishup_Login.Login - Both email and Password are incorrect
11:47:12.895 [main] INFO  Wishup.Wishup_Login.Login - Driver is initialized
11:47:19.205 [main] INFO  Wishup.Wishup_Login.Login - Navigate to Wish up login Page
11:47:19.390 [main] INFO  Wishup.Wishup_Login.Login - Email id entered
11:47:19.488 [main] INFO  Wishup.Wishup_Login.Login - Password entered
11:47:22.451 [main] INFO  Wishup.Wishup_Login.Login - Login button Clicked
11:47:22.547 [main] INFO  Wishup.Wishup_Login.Login - Email is correct and Password is incorrect
11:47:25.260 [main] INFO  Wishup.Wishup_Login.Login - Driver is initialized
11:47:31.502 [main] INFO  Wishup.Wishup_Login.Login - Navigate to Wish up login Page
11:47:31.708 [main] INFO  Wishup.Wishup_Login.Login - Email id entered
11:47:31.793 [main] INFO  Wishup.Wishup_Login.Login - Password entered
11:47:34.021 [main] INFO  Wishup.Wishup_Login.Login - Login button Clicked
11:47:34.077 [main] INFO  Wishup.Wishup_Login.Login - Email is incorrect and Password is correct
